<?xml version="1.0" encoding="UTF-8"?>
<robot generator="Robot 3.1.2 (Python 3.7.4 on win32)" generated="20221204 22:43:29.601" rpa="false">
<suite id="s1" name="Login" source="C:\Users\visha\source\ExpenseTrackerSolution\IntegrationTests\TestCases\Login.robot">
<test id="s1-t1" name="LoginWithInvalidUser">
<kw name="Open Browser" library="SeleniumLibrary">
<doc>Opens a new browser instance to the given ``url``.</doc>
<arguments>
<arg>${url}</arg>
<arg>${browser}</arg>
</arguments>
<msg timestamp="20221204 22:43:29.790" level="INFO">Opening browser 'chrome' to base url 'https://localhost:7068/'.</msg>
<status status="PASS" starttime="20221204 22:43:29.790" endtime="20221204 22:43:31.212"></status>
</kw>
<kw name="Maximize Browser Window" library="SeleniumLibrary">
<doc>Maximizes current browser window.</doc>
<status status="PASS" starttime="20221204 22:43:31.214" endtime="20221204 22:43:31.380"></status>
</kw>
<kw name="Input Text" library="SeleniumLibrary">
<doc>Types the given ``text`` into text field identified by ``locator``.</doc>
<arguments>
<arg>id:username</arg>
<arg>vamsi</arg>
</arguments>
<msg timestamp="20221204 22:43:31.383" level="INFO">Typing text 'vamsi' into text field 'id:username'.</msg>
<status status="PASS" starttime="20221204 22:43:31.382" endtime="20221204 22:43:31.567"></status>
</kw>
<kw name="Input Text" library="SeleniumLibrary">
<doc>Types the given ``text`` into text field identified by ``locator``.</doc>
<arguments>
<arg>id:password</arg>
<arg>test</arg>
</arguments>
<msg timestamp="20221204 22:43:31.568" level="INFO">Typing text 'test' into text field 'id:password'.</msg>
<status status="PASS" starttime="20221204 22:43:31.567" endtime="20221204 22:43:31.708"></status>
</kw>
<kw name="Click Element" library="SeleniumLibrary">
<doc>Click element identified by ``locator``.</doc>
<arguments>
<arg>xpath://html/body/div/main/div/form/button</arg>
</arguments>
<msg timestamp="20221204 22:43:31.710" level="INFO">Clicking element 'xpath://html/body/div/main/div/form/button'.</msg>
<status status="PASS" starttime="20221204 22:43:31.709" endtime="20221204 22:43:31.797"></status>
</kw>
<kw name="Close Browser" library="SeleniumLibrary">
<doc>Closes the current browser.</doc>
<status status="PASS" starttime="20221204 22:43:31.799" endtime="20221204 22:43:33.977"></status>
</kw>
<status status="PASS" starttime="20221204 22:43:29.789" endtime="20221204 22:43:33.978" critical="yes"></status>
</test>
<test id="s1-t2" name="LoginWithValidUser">
<kw name="Open Browser" library="SeleniumLibrary">
<doc>Opens a new browser instance to the given ``url``.</doc>
<arguments>
<arg>${url}</arg>
<arg>${browser}</arg>
</arguments>
<msg timestamp="20221204 22:43:33.981" level="INFO">Opening browser 'chrome' to base url 'https://localhost:7068/'.</msg>
<status status="PASS" starttime="20221204 22:43:33.980" endtime="20221204 22:43:35.293"></status>
</kw>
<kw name="Maximize Browser Window" library="SeleniumLibrary">
<doc>Maximizes current browser window.</doc>
<status status="PASS" starttime="20221204 22:43:35.293" endtime="20221204 22:43:35.428"></status>
</kw>
<kw name="Input Text" library="SeleniumLibrary">
<doc>Types the given ``text`` into text field identified by ``locator``.</doc>
<arguments>
<arg>id:username</arg>
<arg>vamsi@gmail.com</arg>
</arguments>
<msg timestamp="20221204 22:43:35.430" level="INFO">Typing text 'vamsi@gmail.com' into text field 'id:username'.</msg>
<status status="PASS" starttime="20221204 22:43:35.429" endtime="20221204 22:43:35.593"></status>
</kw>
<kw name="Input Text" library="SeleniumLibrary">
<doc>Types the given ``text`` into text field identified by ``locator``.</doc>
<arguments>
<arg>id:password</arg>
<arg>Teste@0220</arg>
</arguments>
<msg timestamp="20221204 22:43:35.594" level="INFO">Typing text 'Teste@0220' into text field 'id:password'.</msg>
<status status="PASS" starttime="20221204 22:43:35.594" endtime="20221204 22:43:35.684"></status>
</kw>
<kw name="Click Element" library="SeleniumLibrary">
<doc>Click element identified by ``locator``.</doc>
<arguments>
<arg>xpath:/html/body/div/main/div/form/button</arg>
</arguments>
<msg timestamp="20221204 22:43:35.685" level="INFO">Clicking element 'xpath:/html/body/div/main/div/form/button'.</msg>
<status status="PASS" starttime="20221204 22:43:35.685" endtime="20221204 22:43:35.814"></status>
</kw>
<kw name="Element Text Should Be" library="SeleniumLibrary">
<doc>Verifies that element ``locator`` contains exact text ``expected``.</doc>
<arguments>
<arg>xpath://html/body/div/main/div/h1</arg>
<arg>Calculate Expense</arg>
</arguments>
<msg timestamp="20221204 22:43:35.815" level="INFO">Verifying element 'xpath://html/body/div/main/div/h1' contains exact text 'Calculate Expense'.</msg>
<status status="PASS" starttime="20221204 22:43:35.815" endtime="20221204 22:43:35.882"></status>
</kw>
<kw name="Close Browser" library="SeleniumLibrary">
<doc>Closes the current browser.</doc>
<status status="PASS" starttime="20221204 22:43:35.883" endtime="20221204 22:43:37.982"></status>
</kw>
<status status="PASS" starttime="20221204 22:43:33.980" endtime="20221204 22:43:37.984" critical="yes"></status>
</test>
<status status="PASS" starttime="20221204 22:43:29.603" endtime="20221204 22:43:37.986"></status>
</suite>
<statistics>
<total>
<stat pass="2" fail="0">Critical Tests</stat>
<stat pass="2" fail="0">All Tests</stat>
</total>
<tag>
</tag>
<suite>
<stat pass="2" fail="0" id="s1" name="Login">Login</stat>
</suite>
</statistics>
<errors>
</errors>
</robot>
